Microsoft (R) Build Engine version 12.0.31101.0
[Microsoft .NET Framework, version 4.0.30319.0]
Copyright (C) Microsoft Corporation. All rights reserved.

Overriding target "ClCompile" in project "C:\Program Files (x86)\MSBuild\Microsoft.Cpp\v4.0\V120\Microsoft.CppBuild.targets" with target "ClCompile" from project "C:\Program Files (x86)\MSBuild\Microsoft.Cpp\v4.0\V120\Microsoft.CppBuild.targets".
  C:\Program Files (x86)\Microsoft Visual Studio 12.0\VC\bin\CL.exe /c /I"C:\Program Files (x86)\MSBuild\Microsoft.Cpp\v4.0\V120\" /I"E:\source\nuget.3.0.0-alpha001-48-1\build\native\../..//build/native/include/" /I.\interface /I..\tools\interface /I..\memlib\interface /I.. /Z7 /nologo /W1 /WX- /Od /Oy- /D NT /D OS_NT /D WIN32 /D _MBCS /D ANSI_HEADER /D USEMEMLIB /D _MBCS /Gm- /EHsc /MD /GS /fp:precise /Zc:wchar_t /Zc:forScope /GR /Fo"D:\prod\SonarQube\cxx\sonar-cxx\integration-tests\testdata\googletest_bullseye_vs_project\ObjDrop\pathhandling\v120\Debug\Win32\v120\PathHandling\\" /Fd"D:\prod\SonarQube\cxx\sonar-cxx\integration-tests\testdata\googletest_bullseye_vs_project\ObjDrop\pathhandling\v120\Debug\Win32\v120\PathHandling\vc120.pdb" /Gd /TP /analyze- /errorReport:queue -D_SCL_SECURE_NO_WARNINGS -D_SCL_SECURE_NO_WARNINGS PathHandle.cpp

Build FAILED.

"D:\prod\SonarQube\cxx\sonar-cxx\integration-tests\testdata\googletest_bullseye_vs_project\pathhandling.sln" (default target) (1) ->
"D:\prod\SonarQube\cxx\sonar-cxx\integration-tests\testdata\googletest_bullseye_vs_project\PathHandling.Test\PathHandling.Test.vcxproj.metaproj" (default target) (3) ->
"D:\prod\SonarQube\cxx\sonar-cxx\integration-tests\testdata\googletest_bullseye_vs_project\PathHandling.Test\PathHandling.Test.vcxproj" (default target) (4) ->
(AfterBuild target) -> 
  D:\prod\SonarQube\cxx\MSBuild\GtestXunitConverterTask.targets(10,9): error : D:\prod\SonarQube\cxx\sonar-cxx\integration-tests\testdata\googletest_bullseye_vs_project\BuildDrop\Test\v120\Win32\Debug\\\PathHandling.Test.exe Exit with Return Code = 1 [D:\prod\SonarQube\cxx\sonar-cxx\integration-tests\testdata\googletest_bullseye_vs_project\PathHandling.Test\PathHandling.Test.vcxproj]

    0 Warning(s)
    1 Error(s)

Time Elapsed 00:00:02.45
